<?xml version="1.0" encoding="UTF-8"?>
<!-- Generated by org.testng.reporters.JUnitReportReporter -->
<testsuite hostname="Lenovo" failures="0" tests="2" name="selWithExpMaven.HandlingCaptcha" time="29.430" errors="0" timestamp="2022-08-30T04:30:13 IST" skipped="0">
  <testcase classname="selWithExpMaven.HandlingCaptcha" name="captcha1" time="12.078"/>
  <system-out/>
  <testcase classname="selWithExpMaven.HandlingCaptcha" name="captcha2" time="17.352"/>
  <system-out/>
</testsuite> <!-- selWithExpMaven.HandlingCaptcha -->
