<?xml version="1.0" encoding="UTF-8"?>
<!-- Generated by org.testng.reporters.JUnitReportReporter -->
<testsuite hostname="Lenovo" failures="0" tests="1" name="selWithExpMaven.SwitchingWindows" time="20.713" errors="0" timestamp="2022-08-30T04:30:13 IST" skipped="0">
  <testcase classname="selWithExpMaven.SwitchingWindows" name="switchWin" time="20.713"/>
  <system-out/>
</testsuite> <!-- selWithExpMaven.SwitchingWindows -->
