<?xml version="1.0" encoding="UTF-8"?>
<!-- Generated by org.testng.reporters.JUnitReportReporter -->
<testsuite hostname="Lenovo" failures="0" tests="2" name="selWithExpMaven.HandlingCaptcha" time="33.764" errors="0" timestamp="2022-09-06T10:54:00 IST" skipped="0">
  <testcase classname="selWithExpMaven.HandlingCaptcha" name="captcha2" time="23.219"/>
  <system-out/>
  <testcase classname="selWithExpMaven.HandlingCaptcha" name="captcha1" time="10.545"/>
  <system-out/>
</testsuite> <!-- selWithExpMaven.HandlingCaptcha -->
