<?xml version="1.0" encoding="UTF-8"?>
<!-- Generated by org.testng.reporters.JUnitReportReporter -->
<testsuite hostname="Lenovo" failures="0" tests="1" name="selWithExpMaven.SwitchingWindows" time="11.329" errors="0" timestamp="2022-09-06T10:54:00 IST" skipped="0">
  <testcase classname="selWithExpMaven.SwitchingWindows" name="switchWin" time="11.329"/>
  <system-out/>
</testsuite> <!-- selWithExpMaven.SwitchingWindows -->
